
â•â•â•â•â•â•â•â•â•â•â•â•â•â•â•â•â•â•â•â•â•â•â•â•â•â•â•â•â•â•â•â•â•â•â•â•â•â•â•â•â•â•â•â•â•â•â•â•â•â•â•â•â•â•â•â•â•â•â•â•â•â•â•â•â•â•â•â•â•â•â•â•â•â•â•â•â•â•â•â•
[35mğŸ§ª RUNNING ALL TESTS AND GENERATING REPORT[0m
â•â•â•â•â•â•â•â•â•â•â•â•â•â•â•â•â•â•â•â•â•â•â•â•â•â•â•â•â•â•â•â•â•â•â•â•â•â•â•â•â•â•â•â•â•â•â•â•â•â•â•â•â•â•â•â•â•â•â•â•â•â•â•â•â•â•â•â•â•â•â•â•â•â•â•â•â•â•â•â•


[34mâ–¶ DOM Validation[0m
  Pattern: tests/e2e/pages-loading-comprehensive.test.js
  Script: scripts/run-dom-validation-tests.js

[31m  âŒ FAILED[0m

================================================================================
[36mğŸ§ª DOM VALIDATION TEST RUNNER[0m
================================================================================

[34mğŸ“„ Running: Comprehensive Pages Loading[0m
   File: tests/e2e/pages-loading-comprehensive.test.js



[34mâ–¶ JavaScript Chain Validation[0m
  Pattern: tests/e2e/javascript-loading-chain.test.js
  Script: scripts/run-js-chain-validation.js

[31m  âŒ FAILED[0m

â•â•â•â•â•â•â•â•â•â•â•â•â•â•â•â•â•â•â•â•â•â•â•â•â•â•â•â•â•â•â•â•â•â•â•â•â•â•â•â•â•â•â•â•â•â•â•â•â•â•â•â•â•â•â•â•â•â•â•â•â•â•â•â•â•â•â•â•â•â•â•â•â•â•â•â•â•â•â•â•
[35mğŸ”— JAVASCRIPT CHAIN VALIDATION TEST RUNNER[0m
â•â•â•â•â•â•â•â•â•â•â•â•â•â•â•â•â•â•â•â•â•â•â•â•â•â•â•â•â•â•â•â•â•â•â•â•â•â•â•â•â•â•â•â•â•â•â•â•â•â•â•â•â•â•â•â•â•â•â•â•â•â•â•â•â•â•â•â•â•â•â•â•â•â•â•â•â•â•â•â•

[36mğŸ“‹ Tests to execute:[0m

1. [34mJavaScript Loading Chain[0m
   [33mVerifica carga secuencial de scripts, dependencias y errores[0m
   File: tests/e2e/javascript-loading-chain.test.js

2. [34mJavaScript Chain Tracker[0m
   [33mRastrea cadena completa de dependencias de scripts[0m
   File: tests/e2e/javascript-chain-tracker.test.js

3. [34mJavaScript DOM Ready[0m
   [33mVerifica que scripts cargan despuÃ©s del DOM[0m
   File: tests/e2e/javascript-dom-ready.test.js

================================================================================

[34mâ–¶ Running: JavaScript Loading Chain[0m
  [33mVerifica carga secuencial de scripts, dependencias y errores[0m

[31mâŒ FAILED[0m

Running 33 tests using 4 workers

  âœ˜   2 [chromium] â€º tests/e2e/javascript-load


--------------------------------------------------------------------------------
[36mRunning individual tests for detailed analysis...[0m


[33mâ–¶ homepage-dom.test.js[0m
[31m  âŒ FAILED[0m

Running 33 tests using 4 workers

  âœ“   2 [chromium] â€º tests/e2e/homepage-dom.test.js:31:3 â€º Homepage DOM Loading â€º should have working mobile navigation (1.6s)
  âœ“   3 [chromium] â€º tests/e2e/homepage-dom.test.js:59:3 â€º Homepage DOM Loading â€º should load product grid without errors (2.3s)
  âœ“   5 [chromium] â€º tests/e2e/homepage-dom.test.js:97:3 â€º Homepage DOM Loading â€º should load all images with proper alt text (2.0s)
  âœ˜   4 [chromium] â€º tests/e2e/homepage-dom.test.js:76:3 â€º Homepage DOM Load

[33mâ–¶ javascript-dom-ready.test.js[0m
[31m  âŒ FAILED[0m

Running 18 tests using 4 workers


================================================================================
ğŸ“Š RENDERING PERFORMANCE
================================================================================
First Contentful Paint: 776.00ms
DOM Content Loaded: 830.20ms
Time difference: 54.20ms
================================================================================

  âœ“   3 [chromium] â€º tests/e2e/javascript-dom-ready.test.js:115:3 â€º JavaScript DOM Ready Verification â€º shou

[33mâ–¶ static-html-validation.test.js[0m
[31m  âŒ FAILED[0m

Running 21 tests using 4 workers

  âœ“   1 [chromium] â€º tests/e2e/static-html-validation.test.js:44:3 â€º Static HTML Validation â€º should validate all pages have title (113ms)
  âœ“   5 [chromium] â€º tests/e2e/static-html-validation.test.js:54:3 â€º Static HTML Validation â€º should validate internal links point to existing files (68ms)
  âœ“   3 [chromium] â€º tests/e2e/static-html-validation.test.js:92:3 â€º Static HTML Validation â€º should validate CSS and JS files are referenced correctly (56ms)
  âœ˜   4 [ch

â•â•â•â•â•â•â•â•â•â•â•â•â•â•â•â•â•â•â•â•â•â•â•â•â•â•â•â•â•â•â•â•â•â•â•â•â•â•â•â•â•â•â•â•â•â•â•â•â•â•â•â•â•â•â•â•â•â•â•â•â•â•â•â•â•â•â•â•â•â•â•â•â•â•â•â•â•â•â•â•
[36mGENERATING REPORTS[0m
â•â•â•â•â•â•â•â•â•â•â•â•â•â•â•â•â•â•â•â•â•â•â•â•â•â•â•â•â•â•â•â•â•â•â•â•â•â•â•â•â•â•â•â•â•â•â•â•â•â•â•â•â•â•â•â•â•â•â•â•â•â•â•â•â•â•â•â•â•â•â•â•â•â•â•â•â•â•â•â•

[32mğŸ“„ HTML Report: full-test-report.html[0m
[32mğŸ“„ Console Report: full-test-report.txt[0m
[33mğŸ“„ Failures Report: failures-report.txt[0m

â•â•â•â•â•â•â•â•â•â•â•â•â•â•â•â•â•â•â•â•â•â•â•â•â•â•â•â•â•â•â•â•â•â•â•â•â•â•â•â•â•â•â•â•â•â•â•â•â•â•â•â•â•â•â•â•â•â•â•â•â•â•â•â•â•â•â•â•â•â•â•â•â•â•â•â•â•â•â•â•
[35mğŸ“Š FINAL SUMMARY[0m
â•â•â•â•â•â•â•â•â•â•â•â•â•â•â•â•â•â•â•â•â•â•â•â•â•â•â•â•â•â•â•â•â•â•â•â•â•â•â•â•â•â•â•â•â•â•â•â•â•â•â•â•â•â•â•â•â•â•â•â•â•â•â•â•â•â•â•â•â•â•â•â•â•â•â•â•â•â•â•â•
Total Tests: 5
Passed: [32m0[0m
Failed: [31m5[0m
Success Rate: 0.0%

[31mâš ï¸  REPAIRS REQUIRED: 0 issues found[0m

